更新日期 2014/10/29
1、完成“修改头像接口”
	头像URL为相对地址
	在数据库中保存头像图片的宽和高
	更新头像后删除旧头像图片
	若数据库写入失败，则删除上传图片

2、优化“添加圈子”接口
	圈子图片URL改为相对地址
	在数据库中保存图片的宽和高
	若数据库写入失败，则删除上传图片

3、完成“添加圈子图片”接口
	检查用户是否登录
	检查是否存在该圈子（以及该圈子是否为该用户创建）

4、完成“添加产品”接口
	检查用户是否登录
	检查用户是否有权限（即是否是商家）

5、完成“添加产品图片”接口
	检查用户是否登录
	检查用户是否有权限（即是否是商家）
	检查是否存在该产品（以及该产品是否为该用户创建）

6、修改数据库
	在表 "user", "circle", "circle_image","product", "product_image" 中添加图片高度与宽度属性。
	完善产品状态，即产品 state属性，初步设计产品生命周期(1：创建，2：发布，3：弃置，4：删除，5：冻结)
	完善产品价格，添加产品原价，产品价格

7、完成 “用户修改昵称” 接口
	/user/update_nickname	post 	nickname

8、完成 “用户修改密码” 接口
	/user/update_password	post 	password

9、完成 “获取最新产品列表” 接口
	/product/get_latest_list	get 	latest_date 	limit




